{"/Users/tranhuyhai/Desktop/work/exam/PomeloTest/app/app.js": {"path":"/Users/tranhuyhai/Desktop/work/exam/PomeloTest/app/app.js","statementMap":{"0":{"start":{"line":8,"column":8},"end":{"line":13,"column":10}}},"fnMap":{"0":{"name":"(anonymous_0)","decl":{"start":{"line":7,"column":4},"end":{"line":7,"column":5}},"loc":{"start":{"line":7,"column":13},"end":{"line":14,"column":5}},"line":7}},"branchMap":{},"s":{"0":1},"f":{"0":1},"b":{},"_coverageSchema":"1a1c01bbd47fc00a2c39e90264f33305004495a9","hash":"f10c09f364ef38f085713c38eed6fa4e7d294a91"}
,"/Users/tranhuyhai/Desktop/work/exam/PomeloTest/app/common/style.js": {"path":"/Users/tranhuyhai/Desktop/work/exam/PomeloTest/app/common/style.js","statementMap":{"0":{"start":{"line":3,"column":15},"end":{"line":8,"column":2}}},"fnMap":{},"branchMap":{},"s":{"0":2},"f":{},"b":{},"_coverageSchema":"1a1c01bbd47fc00a2c39e90264f33305004495a9","hash":"7fa3325c685f88c4f3a92aeb68950f11a196ea56"}
,"/Users/tranhuyhai/Desktop/work/exam/PomeloTest/app/components/Home/Home.js": {"path":"/Users/tranhuyhai/Desktop/work/exam/PomeloTest/app/components/Home/Home.js","statementMap":{"0":{"start":{"line":12,"column":23},"end":{"line":15,"column":5}},"1":{"start":{"line":17,"column":26},"end":{"line":19,"column":5}},"2":{"start":{"line":22,"column":34},"end":{"line":22,"column":44}},"3":{"start":{"line":23,"column":8},"end":{"line":23,"column":23}},"4":{"start":{"line":27,"column":51},"end":{"line":27,"column":61}},"5":{"start":{"line":28,"column":8},"end":{"line":48,"column":10}},"6":{"start":{"line":51,"column":19},"end":{"line":51,"column":34}},"7":{"start":{"line":51,"column":27},"end":{"line":51,"column":34}},"8":{"start":{"line":53,"column":18},"end":{"line":60,"column":5}},"9":{"start":{"line":54,"column":84},"end":{"line":54,"column":94}},"10":{"start":{"line":55,"column":21},"end":{"line":58,"column":10}},"11":{"start":{"line":56,"column":12},"end":{"line":56,"column":36}},"12":{"start":{"line":57,"column":12},"end":{"line":57,"column":24}},"13":{"start":{"line":59,"column":8},"end":{"line":59,"column":37}},"14":{"start":{"line":62,"column":17},"end":{"line":85,"column":5}},"15":{"start":{"line":63,"column":73},"end":{"line":63,"column":77}},"16":{"start":{"line":64,"column":24},"end":{"line":64,"column":26}},"17":{"start":{"line":65,"column":8},"end":{"line":84,"column":9}},"18":{"start":{"line":87,"column":22},"end":{"line":91,"column":5}},"19":{"start":{"line":88,"column":8},"end":{"line":90,"column":10}},"20":{"start":{"line":95,"column":31},"end":{"line":101,"column":1}},"21":{"start":{"line":96,"column":24},"end":{"line":96,"column":29}},"22":{"start":{"line":97,"column":4},"end":{"line":100,"column":5}},"23":{"start":{"line":103,"column":34},"end":{"line":110,"column":5}},"24":{"start":{"line":104,"column":4},"end":{"line":110,"column":5}}},"fnMap":{"0":{"name":"(anonymous_0)","decl":{"start":{"line":21,"column":4},"end":{"line":21,"column":5}},"loc":{"start":{"line":21,"column":24},"end":{"line":24,"column":5}},"line":21},"1":{"name":"(anonymous_1)","decl":{"start":{"line":26,"column":4},"end":{"line":26,"column":5}},"loc":{"start":{"line":26,"column":13},"end":{"line":49,"column":5}},"line":26},"2":{"name":"(anonymous_2)","decl":{"start":{"line":51,"column":19},"end":{"line":51,"column":20}},"loc":{"start":{"line":51,"column":27},"end":{"line":51,"column":34}},"line":51},"3":{"name":"(anonymous_3)","decl":{"start":{"line":53,"column":18},"end":{"line":53,"column":19}},"loc":{"start":{"line":53,"column":24},"end":{"line":60,"column":5}},"line":53},"4":{"name":"(anonymous_4)","decl":{"start":{"line":55,"column":42},"end":{"line":55,"column":43}},"loc":{"start":{"line":55,"column":59},"end":{"line":58,"column":9}},"line":55},"5":{"name":"(anonymous_5)","decl":{"start":{"line":62,"column":17},"end":{"line":62,"column":18}},"loc":{"start":{"line":62,"column":38},"end":{"line":85,"column":5}},"line":62},"6":{"name":"(anonymous_6)","decl":{"start":{"line":87,"column":22},"end":{"line":87,"column":23}},"loc":{"start":{"line":87,"column":28},"end":{"line":91,"column":5}},"line":87},"7":{"name":"(anonymous_7)","decl":{"start":{"line":95,"column":31},"end":{"line":95,"column":32}},"loc":{"start":{"line":95,"column":40},"end":{"line":101,"column":1}},"line":95},"8":{"name":"(anonymous_8)","decl":{"start":{"line":103,"column":34},"end":{"line":103,"column":35}},"loc":{"start":{"line":104,"column":4},"end":{"line":110,"column":5}},"line":104}},"branchMap":{"0":{"loc":{"start":{"line":42,"column":18},"end":{"line":46,"column":17}},"type":"binary-expr","locations":[{"start":{"line":42,"column":18},"end":{"line":42,"column":30}},{"start":{"line":43,"column":20},"end":{"line":45,"column":27}}],"line":42}},"s":{"0":2,"1":2,"2":6,"3":6,"4":7,"5":7,"6":6,"7":1,"8":6,"9":1,"10":1,"11":0,"12":0,"13":1,"14":6,"15":1,"16":1,"17":1,"18":6,"19":1,"20":2,"21":4,"22":4,"23":2,"24":2},"f":{"0":6,"1":7,"2":1,"3":1,"4":0,"5":1,"6":1,"7":4,"8":2},"b":{"0":[7,1]},"_coverageSchema":"1a1c01bbd47fc00a2c39e90264f33305004495a9","hash":"a4506dda1f142df0ed394e428033705cbc396a96"}
,"/Users/tranhuyhai/Desktop/work/exam/PomeloTest/app/components/Home/style.js": {"path":"/Users/tranhuyhai/Desktop/work/exam/PomeloTest/app/components/Home/style.js","statementMap":{"0":{"start":{"line":3,"column":15},"end":{"line":22,"column":2}}},"fnMap":{},"branchMap":{},"s":{"0":2},"f":{},"b":{},"_coverageSchema":"1a1c01bbd47fc00a2c39e90264f33305004495a9","hash":"438eb95976813ef0c35f8249fbec9f8f7f0b0cc1"}
,"/Users/tranhuyhai/Desktop/work/exam/PomeloTest/app/services/reducers.js": {"path":"/Users/tranhuyhai/Desktop/work/exam/PomeloTest/app/services/reducers.js","statementMap":{"0":{"start":{"line":5,"column":22},"end":{"line":7,"column":2}}},"fnMap":{},"branchMap":{},"s":{"0":1},"f":{},"b":{},"_coverageSchema":"1a1c01bbd47fc00a2c39e90264f33305004495a9","hash":"dfb3baa2f36b5e7341fa62d184a6bb799211a578"}
,"/Users/tranhuyhai/Desktop/work/exam/PomeloTest/app/services/sagas.js": {"path":"/Users/tranhuyhai/Desktop/work/exam/PomeloTest/app/services/sagas.js","statementMap":{"0":{"start":{"line":7,"column":2},"end":{"line":7,"column":47}}},"fnMap":{"0":{"name":"root","decl":{"start":{"line":6,"column":25},"end":{"line":6,"column":29}},"loc":{"start":{"line":6,"column":32},"end":{"line":8,"column":1}},"line":6}},"branchMap":{},"s":{"0":1},"f":{"0":1},"b":{},"_coverageSchema":"1a1c01bbd47fc00a2c39e90264f33305004495a9","hash":"11c7d8ac2c67f20bb6d52116a42b4104ec739587"}
,"/Users/tranhuyhai/Desktop/work/exam/PomeloTest/app/services/store.js": {"path":"/Users/tranhuyhai/Desktop/work/exam/PomeloTest/app/services/store.js","statementMap":{"0":{"start":{"line":8,"column":23},"end":{"line":8,"column":45}},"1":{"start":{"line":11,"column":14},"end":{"line":14,"column":1}},"2":{"start":{"line":19,"column":0},"end":{"line":19,"column":26}}},"fnMap":{},"branchMap":{},"s":{"0":1,"1":1,"2":1},"f":{},"b":{},"_coverageSchema":"1a1c01bbd47fc00a2c39e90264f33305004495a9","hash":"5feee02c06cf803a6532c063db555125f786803e"}
,"/Users/tranhuyhai/Desktop/work/exam/PomeloTest/app/services/general/generalActions.js": {"path":"/Users/tranhuyhai/Desktop/work/exam/PomeloTest/app/services/general/generalActions.js","statementMap":{"0":{"start":{"line":1,"column":31},"end":{"line":1,"column":48}},"1":{"start":{"line":2,"column":39},"end":{"line":2,"column":64}},"2":{"start":{"line":3,"column":38},"end":{"line":3,"column":62}},"3":{"start":{"line":5,"column":29},"end":{"line":7,"column":2}},"4":{"start":{"line":5,"column":36},"end":{"line":7,"column":1}},"5":{"start":{"line":9,"column":36},"end":{"line":12,"column":2}},"6":{"start":{"line":9,"column":48},"end":{"line":12,"column":1}},"7":{"start":{"line":14,"column":35},"end":{"line":16,"column":2}},"8":{"start":{"line":14,"column":42},"end":{"line":16,"column":1}}},"fnMap":{"0":{"name":"(anonymous_0)","decl":{"start":{"line":5,"column":29},"end":{"line":5,"column":30}},"loc":{"start":{"line":5,"column":36},"end":{"line":7,"column":1}},"line":5},"1":{"name":"(anonymous_1)","decl":{"start":{"line":9,"column":36},"end":{"line":9,"column":37}},"loc":{"start":{"line":9,"column":48},"end":{"line":12,"column":1}},"line":9},"2":{"name":"(anonymous_2)","decl":{"start":{"line":14,"column":35},"end":{"line":14,"column":36}},"loc":{"start":{"line":14,"column":42},"end":{"line":16,"column":1}},"line":14}},"branchMap":{},"s":{"0":5,"1":5,"2":5,"3":5,"4":2,"5":5,"6":3,"7":5,"8":3},"f":{"0":2,"1":3,"2":3},"b":{},"_coverageSchema":"1a1c01bbd47fc00a2c39e90264f33305004495a9","hash":"d89482af45c3735e6c7a241556d9b019aad8aa0d"}
,"/Users/tranhuyhai/Desktop/work/exam/PomeloTest/app/services/general/generalApi.js": {"path":"/Users/tranhuyhai/Desktop/work/exam/PomeloTest/app/services/general/generalApi.js","statementMap":{"0":{"start":{"line":2,"column":15},"end":{"line":4,"column":2}},"1":{"start":{"line":2,"column":22},"end":{"line":4,"column":1}},"2":{"start":{"line":3,"column":27},"end":{"line":3,"column":208}},"3":{"start":{"line":3,"column":192},"end":{"line":3,"column":207}}},"fnMap":{"0":{"name":"(anonymous_0)","decl":{"start":{"line":2,"column":15},"end":{"line":2,"column":16}},"loc":{"start":{"line":2,"column":22},"end":{"line":4,"column":1}},"line":2},"1":{"name":"(anonymous_1)","decl":{"start":{"line":3,"column":15},"end":{"line":3,"column":16}},"loc":{"start":{"line":3,"column":27},"end":{"line":3,"column":208}},"line":3},"2":{"name":"(anonymous_2)","decl":{"start":{"line":3,"column":178},"end":{"line":3,"column":179}},"loc":{"start":{"line":3,"column":192},"end":{"line":3,"column":207}},"line":3}},"branchMap":{},"s":{"0":1,"1":1,"2":1,"3":0},"f":{"0":1,"1":1,"2":0},"b":{},"_coverageSchema":"1a1c01bbd47fc00a2c39e90264f33305004495a9","hash":"a8bd67b70fb9f50341b2ba786e8b3f927ce69653"}
,"/Users/tranhuyhai/Desktop/work/exam/PomeloTest/app/services/general/generalReducer.js": {"path":"/Users/tranhuyhai/Desktop/work/exam/PomeloTest/app/services/general/generalReducer.js","statementMap":{"0":{"start":{"line":4,"column":29},"end":{"line":7,"column":1}},"1":{"start":{"line":9,"column":29},"end":{"line":12,"column":2}},"2":{"start":{"line":9,"column":39},"end":{"line":12,"column":1}},"3":{"start":{"line":14,"column":36},"end":{"line":18,"column":2}},"4":{"start":{"line":14,"column":56},"end":{"line":18,"column":1}},"5":{"start":{"line":20,"column":36},"end":{"line":23,"column":2}},"6":{"start":{"line":20,"column":46},"end":{"line":23,"column":1}},"7":{"start":{"line":25,"column":31},"end":{"line":29,"column":1}}},"fnMap":{"0":{"name":"(anonymous_0)","decl":{"start":{"line":9,"column":29},"end":{"line":9,"column":30}},"loc":{"start":{"line":9,"column":39},"end":{"line":12,"column":1}},"line":9},"1":{"name":"(anonymous_1)","decl":{"start":{"line":14,"column":36},"end":{"line":14,"column":37}},"loc":{"start":{"line":14,"column":56},"end":{"line":18,"column":1}},"line":14},"2":{"name":"(anonymous_2)","decl":{"start":{"line":20,"column":36},"end":{"line":20,"column":37}},"loc":{"start":{"line":20,"column":46},"end":{"line":23,"column":1}},"line":20}},"branchMap":{},"s":{"0":2,"1":2,"2":2,"3":2,"4":1,"5":2,"6":1,"7":2},"f":{"0":2,"1":1,"2":1},"b":{},"_coverageSchema":"1a1c01bbd47fc00a2c39e90264f33305004495a9","hash":"6a3111ffd94458856397fb683fd2f078ee9bd71b"}
,"/Users/tranhuyhai/Desktop/work/exam/PomeloTest/app/services/general/generalSaga.js": {"path":"/Users/tranhuyhai/Desktop/work/exam/PomeloTest/app/services/general/generalSaga.js","statementMap":{"0":{"start":{"line":6,"column":4},"end":{"line":16,"column":5}},"1":{"start":{"line":9,"column":29},"end":{"line":9,"column":56}},"2":{"start":{"line":10,"column":12},"end":{"line":14,"column":11}},"3":{"start":{"line":11,"column":12},"end":{"line":11,"column":67}},"4":{"start":{"line":13,"column":12},"end":{"line":13,"column":52}},"5":{"start":{"line":20,"column":4},"end":{"line":23,"column":5}},"6":{"start":{"line":26,"column":2},"end":{"line":26,"column":28}}},"fnMap":{"0":{"name":"(anonymous_0)","decl":{"start":{"line":4,"column":15},"end":{"line":4,"column":16}},"loc":{"start":{"line":4,"column":22},"end":{"line":27,"column":1}},"line":4},"1":{"name":"worker","decl":{"start":{"line":5,"column":12},"end":{"line":5,"column":18}},"loc":{"start":{"line":5,"column":27},"end":{"line":17,"column":3}},"line":5},"2":{"name":"watcher","decl":{"start":{"line":19,"column":12},"end":{"line":19,"column":19}},"loc":{"start":{"line":19,"column":22},"end":{"line":24,"column":3}},"line":19}},"branchMap":{"0":{"loc":{"start":{"line":6,"column":4},"end":{"line":16,"column":5}},"type":"switch","locations":[{"start":{"line":7,"column":6},"end":{"line":15,"column":9}}],"line":6},"1":{"loc":{"start":{"line":10,"column":12},"end":{"line":14,"column":11}},"type":"if","locations":[{"start":{"line":10,"column":12},"end":{"line":14,"column":11}},{"start":{"line":10,"column":12},"end":{"line":14,"column":11}}],"line":10}},"s":{"0":3,"1":3,"2":2,"3":1,"4":1,"5":2,"6":2},"f":{"0":2,"1":3,"2":2},"b":{"0":[3],"1":[1,1]},"_coverageSchema":"1a1c01bbd47fc00a2c39e90264f33305004495a9","hash":"8f64f4049ed9f4b1cb2649dc79a4816d70bbe22c"}
}
