TN:
SF:app/app.js
FN:7,(anonymous_0)
FNF:1
FNH:1
FNDA:1,(anonymous_0)
DA:8,1
LF:1
LH:1
BRF:0
BRH:0
end_of_record
TN:
SF:app/common/style.js
FNF:0
FNH:0
DA:3,2
LF:1
LH:1
BRF:0
BRH:0
end_of_record
TN:
SF:app/components/Home/Home.js
FN:21,(anonymous_0)
FN:26,(anonymous_1)
FN:51,(anonymous_2)
FN:53,(anonymous_3)
FN:55,(anonymous_4)
FN:62,(anonymous_5)
FN:87,(anonymous_6)
FN:95,(anonymous_7)
FN:103,(anonymous_8)
FNF:9
FNH:8
FNDA:6,(anonymous_0)
FNDA:7,(anonymous_1)
FNDA:1,(anonymous_2)
FNDA:1,(anonymous_3)
FNDA:0,(anonymous_4)
FNDA:1,(anonymous_5)
FNDA:1,(anonymous_6)
FNDA:4,(anonymous_7)
FNDA:2,(anonymous_8)
DA:12,2
DA:17,2
DA:22,6
DA:23,6
DA:27,7
DA:28,7
DA:51,6
DA:53,6
DA:54,1
DA:55,1
DA:56,0
DA:57,0
DA:59,1
DA:62,6
DA:63,1
DA:64,1
DA:65,1
DA:87,6
DA:88,1
DA:95,2
DA:96,4
DA:97,4
DA:103,2
DA:104,2
LF:24
LH:22
BRDA:42,0,0,7
BRDA:42,0,1,1
BRF:2
BRH:2
end_of_record
TN:
SF:app/components/Home/style.js
FNF:0
FNH:0
DA:3,2
LF:1
LH:1
BRF:0
BRH:0
end_of_record
TN:
SF:app/services/reducers.js
FNF:0
FNH:0
DA:5,1
LF:1
LH:1
BRF:0
BRH:0
end_of_record
TN:
SF:app/services/sagas.js
FN:6,root
FNF:1
FNH:1
FNDA:1,root
DA:7,1
LF:1
LH:1
BRF:0
BRH:0
end_of_record
TN:
SF:app/services/store.js
FNF:0
FNH:0
DA:8,1
DA:11,1
DA:19,1
LF:3
LH:3
BRF:0
BRH:0
end_of_record
TN:
SF:app/services/general/generalActions.js
FN:5,(anonymous_0)
FN:9,(anonymous_1)
FN:14,(anonymous_2)
FNF:3
FNH:3
FNDA:2,(anonymous_0)
FNDA:3,(anonymous_1)
FNDA:3,(anonymous_2)
DA:1,5
DA:2,5
DA:3,5
DA:5,5
DA:9,5
DA:14,5
LF:6
LH:6
BRF:0
BRH:0
end_of_record
TN:
SF:app/services/general/generalApi.js
FN:2,(anonymous_0)
FN:3,(anonymous_1)
FN:3,(anonymous_2)
FNF:3
FNH:2
FNDA:1,(anonymous_0)
FNDA:1,(anonymous_1)
FNDA:0,(anonymous_2)
DA:2,1
DA:3,1
LF:2
LH:2
BRF:0
BRH:0
end_of_record
TN:
SF:app/services/general/generalReducer.js
FN:9,(anonymous_0)
FN:14,(anonymous_1)
FN:20,(anonymous_2)
FNF:3
FNH:3
FNDA:2,(anonymous_0)
FNDA:1,(anonymous_1)
FNDA:1,(anonymous_2)
DA:4,2
DA:9,2
DA:14,2
DA:20,2
DA:25,2
LF:5
LH:5
BRF:0
BRH:0
end_of_record
TN:
SF:app/services/general/generalSaga.js
FN:4,(anonymous_0)
FN:5,worker
FN:19,watcher
FNF:3
FNH:3
FNDA:2,(anonymous_0)
FNDA:3,worker
FNDA:2,watcher
DA:6,3
DA:9,3
DA:10,2
DA:11,1
DA:13,1
DA:20,2
DA:26,2
LF:7
LH:7
BRDA:6,0,0,3
BRDA:10,1,0,1
BRDA:10,1,1,1
BRF:3
BRH:3
end_of_record
